# JRE version: OpenJDK Runtime Environment (8.0_152-b01) (build 1.8.0_152-release-1024-b01)
# Java VM: OpenJDK 64-Bit Server VM (25.152-b01 mixed mode linux-amd64 compressed oops)
Heap:
 PSYoungGen      total 147456K, used 58471K [0x00000000e0000000, 0x00000000ed380000, 0x0000000100000000)
  eden space 133120K, 33% used [0x00000000e0000000,0x00000000e2b1d408,0x00000000e8200000)
  from space 14336K, 99% used [0x00000000e8200000,0x00000000e8ffca68,0x00000000e9000000)
  to   space 17408K, 0% used [0x00000000ec280000,0x00000000ec280000,0x00000000ed380000)
 ParOldGen       total 176640K, used 21967K [0x00000000a0000000, 0x00000000aac80000, 0x00000000e0000000)
  object space 176640K, 12% used [0x00000000a0000000,0x00000000a1573e80,0x00000000aac80000)
 Metaspace       used 51825K, capacity 53294K, committed 53592K, reserved 1095680K
  class space    used 7137K, capacity 7524K, committed 7552K, reserved 1048576K
GC Heap History (10 events):
Event: 2.059 GC heap before
{Heap before GC invocations=5 (full 1):
 PSYoungGen      total 74752K, used 64512K [0x00000000e0000000, 0x00000000e9200000, 0x0000000100000000)
  eden space 64512K, 100% used [0x00000000e0000000,0x00000000e3f00000,0x00000000e3f00000)
  from space 10240K, 0% used [0x00000000e3f00000,0x00000000e3f00000,0x00000000e4900000)
  to   space 10240K, 0% used [0x00000000e8800000,0x00000000e8800000,0x00000000e9200000)
 ParOldGen       total 107008K, used 8603K [0x00000000a0000000, 0x00000000a6880000, 0x00000000e0000000)
  object space 107008K, 8% used [0x00000000a0000000,0x00000000a0866df8,0x00000000a6880000)
 Metaspace       used 26214K, capacity 26616K, committed 26880K, reserved 1073152K
  class space    used 3628K, capacity 3807K, committed 3840K, reserved 1048576K
Event: 2.067 GC heap after
Heap after GC invocations=5 (full 1):
 PSYoungGen      total 100864K, used 6829K [0x00000000e0000000, 0x00000000e8f00000, 0x0000000100000000)
  eden space 93696K, 0% used [0x00000000e0000000,0x00000000e0000000,0x00000000e5b80000)
  from space 7168K, 95% used [0x00000000e8800000,0x00000000e8eab678,0x00000000e8f00000)
  to   space 10240K, 0% used [0x00000000e7b00000,0x00000000e7b00000,0x00000000e8500000)
 ParOldGen       total 107008K, used 8611K [0x00000000a0000000, 0x00000000a6880000, 0x00000000e0000000)
  object space 107008K, 8% used [0x00000000a0000000,0x00000000a0868df8,0x00000000a6880000)
 Metaspace       used 26214K, capacity 26616K, committed 26880K, reserved 1073152K
  class space    used 3628K, capacity 3807K, committed 3840K, reserved 1048576K
}
Event: 2.940 GC heap before
{Heap before GC invocations=6 (full 1):
 PSYoungGen      total 100864K, used 98511K [0x00000000e0000000, 0x00000000e8f00000, 0x0000000100000000)
  eden space 93696K, 97% used [0x00000000e0000000,0x00000000e59887b0,0x00000000e5b80000)
  from space 7168K, 95% used [0x00000000e8800000,0x00000000e8eab678,0x00000000e8f00000)
  to   space 10240K, 0% used [0x00000000e7b00000,0x00000000e7b00000,0x00000000e8500000)
 ParOldGen       total 107008K, used 8611K [0x00000000a0000000, 0x00000000a6880000, 0x00000000e0000000)
  object space 107008K, 8% used [0x00000000a0000000,0x00000000a0868df8,0x00000000a6880000)
 Metaspace       used 34773K, capacity 35232K, committed 35416K, reserved 1079296K
  class space    used 4788K, capacity 4956K, committed 4992K, reserved 1048576K
Event: 2.956 GC heap after
Heap after GC invocations=6 (full 1):
 PSYoungGen      total 136192K, used 10228K [0x00000000e0000000, 0x00000000e9d80000, 0x0000000100000000)
  eden space 125952K, 0% used [0x00000000e0000000,0x00000000e0000000,0x00000000e7b00000)
  from space 10240K, 99% used [0x00000000e7b00000,0x00000000e84fd290,0x00000000e8500000)
  to   space 13824K, 0% used [0x00000000e9000000,0x00000000e9000000,0x00000000e9d80000)
 ParOldGen       total 107008K, used 11500K [0x00000000a0000000, 0x00000000a6880000, 0x00000000e0000000)
  object space 107008K, 10% used [0x00000000a0000000,0x00000000a0b3b108,0x00000000a6880000)
 Metaspace       used 34773K, capacity 35232K, committed 35416K, reserved 1079296K
  class space    used 4788K, capacity 4956K, committed 4992K, reserved 1048576K
}
Event: 2.956 GC heap before
{Heap before GC invocations=7 (full 2):
 PSYoungGen      total 136192K, used 10228K [0x00000000e0000000, 0x00000000e9d80000, 0x0000000100000000)
  eden space 125952K, 0% used [0x00000000e0000000,0x00000000e0000000,0x00000000e7b00000)
  from space 10240K, 99% used [0x00000000e7b00000,0x00000000e84fd290,0x00000000e8500000)
  to   space 13824K, 0% used [0x00000000e9000000,0x00000000e9000000,0x00000000e9d80000)
 ParOldGen       total 107008K, used 11500K [0x00000000a0000000, 0x00000000a6880000, 0x00000000e0000000)
  object space 107008K, 10% used [0x00000000a0000000,0x00000000a0b3b108,0x00000000a6880000)
 Metaspace       used 34773K, capacity 35232K, committed 35416K, reserved 1079296K
  class space    used 4788K, capacity 4956K, committed 4992K, reserved 1048576K
Event: 3.008 GC heap after
Heap after GC invocations=7 (full 2):
 PSYoungGen      total 136192K, used 0K [0x00000000e0000000, 0x00000000e9d80000, 0x0000000100000000)
  eden space 125952K, 0% used [0x00000000e0000000,0x00000000e0000000,0x00000000e7b00000)
  from space 10240K, 0% used [0x00000000e7b00000,0x00000000e7b00000,0x00000000e8500000)
  to   space 13824K, 0% used [0x00000000e9000000,0x00000000e9000000,0x00000000e9d80000)
 ParOldGen       total 176640K, used 19580K [0x00000000a0000000, 0x00000000aac80000, 0x00000000e0000000)
  object space 176640K, 11% used [0x00000000a0000000,0x00000000a131f270,0x00000000aac80000)
 Metaspace       used 34773K, capacity 35232K, committed 35416K, reserved 1079296K
  class space    used 4788K, capacity 4956K, committed 4992K, reserved 1048576K
}
Event: 3.973 GC heap before
{Heap before GC invocations=8 (full 2):
 PSYoungGen      total 136192K, used 125952K [0x00000000e0000000, 0x00000000e9d80000, 0x0000000100000000)
  eden space 125952K, 100% used [0x00000000e0000000,0x00000000e7b00000,0x00000000e7b00000)
  from space 10240K, 0% used [0x00000000e7b00000,0x00000000e7b00000,0x00000000e8500000)
  to   space 13824K, 0% used [0x00000000e9000000,0x00000000e9000000,0x00000000e9d80000)
 ParOldGen       total 176640K, used 19580K [0x00000000a0000000, 0x00000000aac80000, 0x00000000e0000000)
  object space 176640K, 11% used [0x00000000a0000000,0x00000000a131f270,0x00000000aac80000)
 Metaspace       used 40635K, capacity 41342K, committed 41688K, reserved 1085440K
  class space    used 5569K, capacity 5820K, committed 5888K, reserved 1048576K
Event: 3.983 GC heap after
Heap after GC invocations=8 (full 2):
 PSYoungGen      total 146944K, used 11576K [0x00000000e0000000, 0x00000000ec680000, 0x0000000100000000)
  eden space 133120K, 0% used [0x00000000e0000000,0x00000000e0000000,0x00000000e8200000)
  from space 13824K, 83% used [0x00000000e9000000,0x00000000e9b4e0b0,0x00000000e9d80000)
  to   space 14336K, 0% used [0x00000000e8200000,0x00000000e8200000,0x00000000e9000000)
 ParOldGen       total 176640K, used 19588K [0x00000000a0000000, 0x00000000aac80000, 0x00000000e0000000)
  object space 176640K, 11% used [0x00000000a0000000,0x00000000a1321270,0x00000000aac80000)
 Metaspace       used 40635K, capacity 41342K, committed 41688K, reserved 1085440K
  class space    used 5569K, capacity 5820K, committed 5888K, reserved 1048576K
}
Event: 5.056 GC heap before
{Heap before GC invocations=9 (full 2):
 PSYoungGen      total 146944K, used 144696K [0x00000000e0000000, 0x00000000ec680000, 0x0000000100000000)
  eden space 133120K, 100% used [0x00000000e0000000,0x00000000e8200000,0x00000000e8200000)
  from space 13824K, 83% used [0x00000000e9000000,0x00000000e9b4e0b0,0x00000000e9d80000)
  to   space 14336K, 0% used [0x00000000e8200000,0x00000000e8200000,0x00000000e9000000)
 ParOldGen       total 176640K, used 19588K [0x00000000a0000000, 0x00000000aac80000, 0x00000000e0000000)
  object space 176640K, 11% used [0x00000000a0000000,0x00000000a1321270,0x00000000aac80000)
 Metaspace       used 49456K, capacity 50750K, committed 50904K, reserved 1093632K
  class space    used 6770K, capacity 7080K, committed 7168K, reserved 1048576K
Event: 5.071 GC heap after
Heap after GC invocations=9 (full 2):
 PSYoungGen      total 147456K, used 14322K [0x00000000e0000000, 0x00000000ed380000, 0x0000000100000000)
  eden space 133120K, 0% used [0x00000000e0000000,0x00000000e0000000,0x00000000e8200000)
  from space 14336K, 99% used [0x00000000e8200000,0x00000000e8ffca68,0x00000000e9000000)
  to   space 17408K, 0% used [0x00000000ec280000,0x00000000ec280000,0x00000000ed380000)
 ParOldGen       total 176640K, used 21967K [0x00000000a0000000, 0x00000000aac80000, 0x00000000e0000000)
  object space 176640K, 12% used [0x00000000a0000000,0x00000000a1573e80,0x00000000aac80000)
 Metaspace       used 49456K, capacity 50750K, committed 50904K, reserved 1093632K
  class space    used 6770K, capacity 7080K, committed 7168K, reserved 1048576K
}

