# JRE version: OpenJDK Runtime Environment (8.0_152-b01) (build 1.8.0_152-release-1024-b01)
# Java VM: OpenJDK 64-Bit Server VM (25.152-b01 mixed mode linux-amd64 compressed oops)
Heap:
 PSYoungGen      total 227328K, used 169706K [0x00000000e0000000, 0x00000000f4300000, 0x0000000100000000)
  eden space 210432K, 80% used [0x00000000e0000000,0x00000000ea5ba900,0x00000000ecd80000)
  from space 16896K, 0% used [0x00000000ecd80000,0x00000000ecd80000,0x00000000ede00000)
  to   space 20992K, 0% used [0x00000000f2e80000,0x00000000f2e80000,0x00000000f4300000)
 ParOldGen       total 195584K, used 35554K [0x00000000a0000000, 0x00000000abf00000, 0x00000000e0000000)
  object space 195584K, 18% used [0x00000000a0000000,0x00000000a22b8ac8,0x00000000abf00000)
 Metaspace       used 66692K, capacity 68480K, committed 68696K, reserved 1107968K
  class space    used 8848K, capacity 9273K, committed 9344K, reserved 1048576K
GC Heap History (10 events):
Event: 2.883 GC heap before
{Heap before GC invocations=8 (full 2):
 PSYoungGen      total 138240K, used 7131K [0x00000000e0000000, 0x00000000eef00000, 0x0000000100000000)
  eden space 124928K, 0% used [0x00000000e0000000,0x00000000e0000000,0x00000000e7a00000)
  from space 13312K, 53% used [0x00000000e8700000,0x00000000e8df6fd0,0x00000000e9400000)
  to   space 13312K, 0% used [0x00000000e7a00000,0x00000000e7a00000,0x00000000e8700000)
 ParOldGen       total 110592K, used 10904K [0x00000000a0000000, 0x00000000a6c00000, 0x00000000e0000000)
  object space 110592K, 9% used [0x00000000a0000000,0x00000000a0aa6030,0x00000000a6c00000)
 Metaspace       used 34667K, capacity 35250K, committed 35416K, reserved 1079296K
  class space    used 4784K, capacity 4973K, committed 4992K, reserved 1048576K
Event: 2.920 GC heap after
Heap after GC invocations=8 (full 2):
 PSYoungGen      total 138240K, used 0K [0x00000000e0000000, 0x00000000eef00000, 0x0000000100000000)
  eden space 124928K, 0% used [0x00000000e0000000,0x00000000e0000000,0x00000000e7a00000)
  from space 13312K, 0% used [0x00000000e8700000,0x00000000e8700000,0x00000000e9400000)
  to   space 13312K, 0% used [0x00000000e7a00000,0x00000000e7a00000,0x00000000e8700000)
 ParOldGen       total 141312K, used 13853K [0x00000000a0000000, 0x00000000a8a00000, 0x00000000e0000000)
  object space 141312K, 9% used [0x00000000a0000000,0x00000000a0d87498,0x00000000a8a00000)
 Metaspace       used 34667K, capacity 35250K, committed 35416K, reserved 1079296K
  class space    used 4784K, capacity 4973K, committed 4992K, reserved 1048576K
}
Event: 3.875 GC heap before
{Heap before GC invocations=9 (full 2):
 PSYoungGen      total 138240K, used 124928K [0x00000000e0000000, 0x00000000eef00000, 0x0000000100000000)
  eden space 124928K, 100% used [0x00000000e0000000,0x00000000e7a00000,0x00000000e7a00000)
  from space 13312K, 0% used [0x00000000e8700000,0x00000000e8700000,0x00000000e9400000)
  to   space 13312K, 0% used [0x00000000e7a00000,0x00000000e7a00000,0x00000000e8700000)
 ParOldGen       total 141312K, used 13853K [0x00000000a0000000, 0x00000000a8a00000, 0x00000000e0000000)
  object space 141312K, 9% used [0x00000000a0000000,0x00000000a0d87498,0x00000000a8a00000)
 Metaspace       used 40901K, capacity 41796K, committed 41944K, reserved 1085440K
  class space    used 5607K, capacity 5873K, committed 5888K, reserved 1048576K
Event: 3.884 GC heap after
Heap after GC invocations=9 (full 2):
 PSYoungGen      total 138240K, used 11960K [0x00000000e0000000, 0x00000000eee80000, 0x0000000100000000)
  eden space 124928K, 0% used [0x00000000e0000000,0x00000000e0000000,0x00000000e7a00000)
  from space 13312K, 89% used [0x00000000e7a00000,0x00000000e85ae240,0x00000000e8700000)
  to   space 14336K, 0% used [0x00000000ee080000,0x00000000ee080000,0x00000000eee80000)
 ParOldGen       total 141312K, used 13861K [0x00000000a0000000, 0x00000000a8a00000, 0x00000000e0000000)
  object space 141312K, 9% used [0x00000000a0000000,0x00000000a0d89498,0x00000000a8a00000)
 Metaspace       used 40901K, capacity 41796K, committed 41944K, reserved 1085440K
  class space    used 5607K, capacity 5873K, committed 5888K, reserved 1048576K
}
Event: 4.924 GC heap before
{Heap before GC invocations=10 (full 2):
 PSYoungGen      total 138240K, used 136888K [0x00000000e0000000, 0x00000000eee80000, 0x0000000100000000)
  eden space 124928K, 100% used [0x00000000e0000000,0x00000000e7a00000,0x00000000e7a00000)
  from space 13312K, 89% used [0x00000000e7a00000,0x00000000e85ae240,0x00000000e8700000)
  to   space 14336K, 0% used [0x00000000ee080000,0x00000000ee080000,0x00000000eee80000)
 ParOldGen       total 141312K, used 13861K [0x00000000a0000000, 0x00000000a8a00000, 0x00000000e0000000)
  object space 141312K, 9% used [0x00000000a0000000,0x00000000a0d89498,0x00000000a8a00000)
 Metaspace       used 49400K, capacity 50806K, committed 50904K, reserved 1093632K
  class space    used 6752K, capacity 7128K, committed 7168K, reserved 1048576K
Event: 4.943 GC heap after
Heap after GC invocations=10 (full 2):
 PSYoungGen      total 224256K, used 14323K [0x00000000e0000000, 0x00000000eee80000, 0x0000000100000000)
  eden space 209920K, 0% used [0x00000000e0000000,0x00000000e0000000,0x00000000ecd00000)
  from space 14336K, 99% used [0x00000000ee080000,0x00000000eee7cc60,0x00000000eee80000)
  to   space 16896K, 0% used [0x00000000ecd80000,0x00000000ecd80000,0x00000000ede00000)
 ParOldGen       total 141312K, used 15746K [0x00000000a0000000, 0x00000000a8a00000, 0x00000000e0000000)
  object space 141312K, 11% used [0x00000000a0000000,0x00000000a0f60b40,0x00000000a8a00000)
 Metaspace       used 49400K, capacity 50806K, committed 50904K, reserved 1093632K
  class space    used 6752K, capacity 7128K, committed 7168K, reserved 1048576K
}
Event: 6.570 GC heap before
{Heap before GC invocations=11 (full 2):
 PSYoungGen      total 224256K, used 152122K [0x00000000e0000000, 0x00000000eee80000, 0x0000000100000000)
  eden space 209920K, 65% used [0x00000000e0000000,0x00000000e8691dc0,0x00000000ecd00000)
  from space 14336K, 99% used [0x00000000ee080000,0x00000000eee7cc60,0x00000000eee80000)
  to   space 16896K, 0% used [0x00000000ecd80000,0x00000000ecd80000,0x00000000ede00000)
 ParOldGen       total 141312K, used 15746K [0x00000000a0000000, 0x00000000a8a00000, 0x00000000e0000000)
  object space 141312K, 11% used [0x00000000a0000000,0x00000000a0f60b40,0x00000000a8a00000)
 Metaspace       used 57220K, capacity 58852K, committed 58968K, reserved 1099776K
  class space    used 7841K, capacity 8227K, committed 8320K, reserved 1048576K
Event: 6.586 GC heap after
Heap after GC invocations=11 (full 2):
 PSYoungGen      total 227328K, used 16875K [0x00000000e0000000, 0x00000000f4300000, 0x0000000100000000)
  eden space 210432K, 0% used [0x00000000e0000000,0x00000000e0000000,0x00000000ecd80000)
  from space 16896K, 99% used [0x00000000ecd80000,0x00000000eddfacb8,0x00000000ede00000)
  to   space 20992K, 0% used [0x00000000f2e80000,0x00000000f2e80000,0x00000000f4300000)
 ParOldGen       total 141312K, used 21480K [0x00000000a0000000, 0x00000000a8a00000, 0x00000000e0000000)
  object space 141312K, 15% used [0x00000000a0000000,0x00000000a14fa208,0x00000000a8a00000)
 Metaspace       used 57220K, capacity 58852K, committed 58968K, reserved 1099776K
  class space    used 7841K, capacity 8227K, committed 8320K, reserved 1048576K
}
Event: 6.586 GC heap before
{Heap before GC invocations=12 (full 3):
 PSYoungGen      total 227328K, used 16875K [0x00000000e0000000, 0x00000000f4300000, 0x0000000100000000)
  eden space 210432K, 0% used [0x00000000e0000000,0x00000000e0000000,0x00000000ecd80000)
  from space 16896K, 99% used [0x00000000ecd80000,0x00000000eddfacb8,0x00000000ede00000)
  to   space 20992K, 0% used [0x00000000f2e80000,0x00000000f2e80000,0x00000000f4300000)
 ParOldGen       total 141312K, used 21480K [0x00000000a0000000, 0x00000000a8a00000, 0x00000000e0000000)
  object space 141312K, 15% used [0x00000000a0000000,0x00000000a14fa208,0x00000000a8a00000)
 Metaspace       used 57220K, capacity 58852K, committed 58968K, reserved 1099776K
  class space    used 7841K, capacity 8227K, committed 8320K, reserved 1048576K
Event: 6.737 GC heap after
Heap after GC invocations=12 (full 3):
 PSYoungGen      total 227328K, used 0K [0x00000000e0000000, 0x00000000f4300000, 0x0000000100000000)
  eden space 210432K, 0% used [0x00000000e0000000,0x00000000e0000000,0x00000000ecd80000)
  from space 16896K, 0% used [0x00000000ecd80000,0x00000000ecd80000,0x00000000ede00000)
  to   space 20992K, 0% used [0x00000000f2e80000,0x00000000f2e80000,0x00000000f4300000)
 ParOldGen       total 195584K, used 35554K [0x00000000a0000000, 0x00000000abf00000, 0x00000000e0000000)
  object space 195584K, 18% used [0x00000000a0000000,0x00000000a22b8ac8,0x00000000abf00000)
 Metaspace       used 57220K, capacity 58852K, committed 58968K, reserved 1099776K
  class space    used 7841K, capacity 8227K, committed 8320K, reserved 1048576K
}

