# JRE version: OpenJDK Runtime Environment (8.0_152-b01) (build 1.8.0_152-release-1024-b01)
# Java VM: OpenJDK 64-Bit Server VM (25.152-b01 mixed mode linux-amd64 compressed oops)
Heap:
 PSYoungGen      total 458752K, used 260334K [0x00000000e0000000, 0x00000000ffe80000, 0x0000000100000000)
  eden space 392704K, 62% used [0x00000000e0000000,0x00000000eef11468,0x00000000f7f80000)
  from space 66048K, 23% used [0x00000000fbe00000,0x00000000fcd2a3b8,0x00000000ffe80000)
  to   space 64000K, 0% used [0x00000000f7f80000,0x00000000f7f80000,0x00000000fbe00000)
 ParOldGen       total 544256K, used 111079K [0x00000000a0000000, 0x00000000c1380000, 0x00000000e0000000)
  object space 544256K, 20% used [0x00000000a0000000,0x00000000a6c79f18,0x00000000c1380000)
 Metaspace       used 199067K, capacity 206670K, committed 206808K, reserved 1230848K
  class space    used 23748K, capacity 25337K, committed 25344K, reserved 1048576K
GC Heap History (10 events):
Event: 8114.886 GC heap before
{Heap before GC invocations=57 (full 5):
 PSYoungGen      total 439808K, used 399724K [0x00000000e0000000, 0x00000000ffe80000, 0x0000000100000000)
  eden space 372736K, 100% used [0x00000000e0000000,0x00000000f6c00000,0x00000000f6c00000)
  from space 67072K, 40% used [0x00000000f6c00000,0x00000000f865b1e8,0x00000000fad80000)
  to   space 66560K, 0% used [0x00000000fbd80000,0x00000000fbd80000,0x00000000ffe80000)
 ParOldGen       total 544256K, used 110466K [0x00000000a0000000, 0x00000000c1380000, 0x00000000e0000000)
  object space 544256K, 20% used [0x00000000a0000000,0x00000000a6be0830,0x00000000c1380000)
 Metaspace       used 190099K, capacity 197532K, committed 197848K, reserved 1222656K
  class space    used 22764K, capacity 24300K, committed 24320K, reserved 1048576K
Event: 8114.923 GC heap after
Heap after GC invocations=57 (full 5):
 PSYoungGen      total 450560K, used 40090K [0x00000000e0000000, 0x0000000100000000, 0x0000000100000000)
  eden space 384000K, 0% used [0x00000000e0000000,0x00000000e0000000,0x00000000f7700000)
  from space 66560K, 60% used [0x00000000fbd80000,0x00000000fe4a6a00,0x00000000ffe80000)
  to   space 70144K, 0% used [0x00000000f7700000,0x00000000f7700000,0x00000000fbb80000)
 ParOldGen       total 544256K, used 110474K [0x00000000a0000000, 0x00000000c1380000, 0x00000000e0000000)
  object space 544256K, 20% used [0x00000000a0000000,0x00000000a6be2830,0x00000000c1380000)
 Metaspace       used 190099K, capacity 197532K, committed 197848K, reserved 1222656K
  class space    used 22764K, capacity 24300K, committed 24320K, reserved 1048576K
}
Event: 8115.849 GC heap before
{Heap before GC invocations=58 (full 5):
 PSYoungGen      total 450560K, used 423476K [0x00000000e0000000, 0x0000000100000000, 0x0000000100000000)
  eden space 384000K, 99% used [0x00000000e0000000,0x00000000f7666828,0x00000000f7700000)
  from space 66560K, 60% used [0x00000000fbd80000,0x00000000fe4a6a00,0x00000000ffe80000)
  to   space 70144K, 0% used [0x00000000f7700000,0x00000000f7700000,0x00000000fbb80000)
 ParOldGen       total 544256K, used 110474K [0x00000000a0000000, 0x00000000c1380000, 0x00000000e0000000)
  object space 544256K, 20% used [0x00000000a0000000,0x00000000a6be2830,0x00000000c1380000)
 Metaspace       used 192607K, capacity 200084K, committed 200280K, reserved 1224704K
  class space    used 23057K, capacity 24606K, committed 24704K, reserved 1048576K
Event: 8115.864 GC heap after
Heap after GC invocations=58 (full 5):
 PSYoungGen      total 399360K, used 15322K [0x00000000e0000000, 0x00000000ffa80000, 0x0000000100000000)
  eden space 384000K, 0% used [0x00000000e0000000,0x00000000e0000000,0x00000000f7700000)
  from space 15360K, 99% used [0x00000000f7700000,0x00000000f85f68b0,0x00000000f8600000)
  to   space 65536K, 0% used [0x00000000fba80000,0x00000000fba80000,0x00000000ffa80000)
 ParOldGen       total 544256K, used 110482K [0x00000000a0000000, 0x00000000c1380000, 0x00000000e0000000)
  object space 544256K, 20% used [0x00000000a0000000,0x00000000a6be4830,0x00000000c1380000)
 Metaspace       used 192607K, capacity 200084K, committed 200280K, reserved 1224704K
  class space    used 23057K, capacity 24606K, committed 24704K, reserved 1048576K
}
Event: 8116.268 GC heap before
{Heap before GC invocations=59 (full 5):
 PSYoungGen      total 399360K, used 399322K [0x00000000e0000000, 0x00000000ffa80000, 0x0000000100000000)
  eden space 384000K, 100% used [0x00000000e0000000,0x00000000f7700000,0x00000000f7700000)
  from space 15360K, 99% used [0x00000000f7700000,0x00000000f85f68b0,0x00000000f8600000)
  to   space 65536K, 0% used [0x00000000fba80000,0x00000000fba80000,0x00000000ffa80000)
 ParOldGen       total 544256K, used 110482K [0x00000000a0000000, 0x00000000c1380000, 0x00000000e0000000)
  object space 544256K, 20% used [0x00000000a0000000,0x00000000a6be4830,0x00000000c1380000)
 Metaspace       used 192639K, capacity 200102K, committed 200280K, reserved 1224704K
  class space    used 23058K, capacity 24609K, committed 24704K, reserved 1048576K
Event: 8116.281 GC heap after
Heap after GC invocations=59 (full 5):
 PSYoungGen      total 456704K, used 11959K [0x00000000e0000000, 0x0000000100000000, 0x0000000100000000)
  eden space 391168K, 0% used [0x00000000e0000000,0x00000000e0000000,0x00000000f7e00000)
  from space 65536K, 18% used [0x00000000fba80000,0x00000000fc62dc08,0x00000000ffa80000)
  to   space 61952K, 0% used [0x00000000f7e00000,0x00000000f7e00000,0x00000000fba80000)
 ParOldGen       total 544256K, used 110482K [0x00000000a0000000, 0x00000000c1380000, 0x00000000e0000000)
  object space 544256K, 20% used [0x00000000a0000000,0x00000000a6be4830,0x00000000c1380000)
 Metaspace       used 192639K, capacity 200102K, committed 200280K, reserved 1224704K
  class space    used 23058K, capacity 24609K, committed 24704K, reserved 1048576K
}
Event: 8117.333 GC heap before
{Heap before GC invocations=60 (full 5):
 PSYoungGen      total 456704K, used 403127K [0x00000000e0000000, 0x0000000100000000, 0x0000000100000000)
  eden space 391168K, 100% used [0x00000000e0000000,0x00000000f7e00000,0x00000000f7e00000)
  from space 65536K, 18% used [0x00000000fba80000,0x00000000fc62dc08,0x00000000ffa80000)
  to   space 61952K, 0% used [0x00000000f7e00000,0x00000000f7e00000,0x00000000fba80000)
 ParOldGen       total 544256K, used 110482K [0x00000000a0000000, 0x00000000c1380000, 0x00000000e0000000)
  object space 544256K, 20% used [0x00000000a0000000,0x00000000a6be4830,0x00000000c1380000)
 Metaspace       used 192733K, capacity 200230K, committed 200536K, reserved 1224704K
  class space    used 23058K, capacity 24609K, committed 24704K, reserved 1048576K
Event: 8117.370 GC heap after
Heap after GC invocations=60 (full 5):
 PSYoungGen      total 453120K, used 44994K [0x00000000e0000000, 0x0000000100000000, 0x0000000100000000)
  eden space 391168K, 0% used [0x00000000e0000000,0x00000000e0000000,0x00000000f7e00000)
  from space 61952K, 72% used [0x00000000f7e00000,0x00000000fa9f0b00,0x00000000fba80000)
  to   space 67584K, 0% used [0x00000000fbe00000,0x00000000fbe00000,0x0000000100000000)
 ParOldGen       total 544256K, used 110490K [0x00000000a0000000, 0x00000000c1380000, 0x00000000e0000000)
  object space 544256K, 20% used [0x00000000a0000000,0x00000000a6be6830,0x00000000c1380000)
 Metaspace       used 192733K, capacity 200230K, committed 200536K, reserved 1224704K
  class space    used 23058K, capacity 24609K, committed 24704K, reserved 1048576K
}
Event: 8118.950 GC heap before
{Heap before GC invocations=61 (full 5):
 PSYoungGen      total 453120K, used 435589K [0x00000000e0000000, 0x0000000100000000, 0x0000000100000000)
  eden space 391168K, 99% used [0x00000000e0000000,0x00000000f7d70a00,0x00000000f7e00000)
  from space 61952K, 72% used [0x00000000f7e00000,0x00000000fa9f0b00,0x00000000fba80000)
  to   space 67584K, 0% used [0x00000000fbe00000,0x00000000fbe00000,0x0000000100000000)
 ParOldGen       total 544256K, used 110490K [0x00000000a0000000, 0x00000000c1380000, 0x00000000e0000000)
  object space 544256K, 20% used [0x00000000a0000000,0x00000000a6be6830,0x00000000c1380000)
 Metaspace       used 192766K, capacity 200294K, committed 200536K, reserved 1224704K
  class space    used 23058K, capacity 24609K, committed 24704K, reserved 1048576K
Event: 8118.976 GC heap after
Heap after GC invocations=61 (full 5):
 PSYoungGen      total 458752K, used 15528K [0x00000000e0000000, 0x00000000ffe80000, 0x0000000100000000)
  eden space 392704K, 0% used [0x00000000e0000000,0x00000000e0000000,0x00000000f7f80000)
  from space 66048K, 23% used [0x00000000fbe00000,0x00000000fcd2a3b8,0x00000000ffe80000)
  to   space 64000K, 0% used [0x00000000f7f80000,0x00000000f7f80000,0x00000000fbe00000)
 ParOldGen       total 544256K, used 111079K [0x00000000a0000000, 0x00000000c1380000, 0x00000000e0000000)
  object space 544256K, 20% used [0x00000000a0000000,0x00000000a6c79f18,0x00000000c1380000)
 Metaspace       used 192766K, capacity 200294K, committed 200536K, reserved 1224704K
  class space    used 23058K, capacity 24609K, committed 24704K, reserved 1048576K
}

