# JRE version: OpenJDK Runtime Environment (8.0_152-b01) (build 1.8.0_152-release-1024-b01)
# Java VM: OpenJDK 64-Bit Server VM (25.152-b01 mixed mode linux-amd64 compressed oops)
Heap:
 PSYoungGen      total 139264K, used 101999K [0x00000000e0000000, 0x00000000f1000000, 0x0000000100000000)
  eden space 129024K, 79% used [0x00000000e0000000,0x00000000e639bd00,0x00000000e7e00000)
  from space 10240K, 0% used [0x00000000e7e00000,0x00000000e7e00000,0x00000000e8800000)
  to   space 10240K, 0% used [0x00000000f0600000,0x00000000f0600000,0x00000000f1000000)
 ParOldGen       total 98816K, used 8606K [0x00000000a0000000, 0x00000000a6080000, 0x00000000e0000000)
  object space 98816K, 8% used [0x00000000a0000000,0x00000000a08678b8,0x00000000a6080000)
 Metaspace       used 28190K, capacity 28508K, committed 28672K, reserved 1073152K
  class space    used 3957K, capacity 4095K, committed 4096K, reserved 1048576K
GC Heap History (8 events):
Event: 0.658 GC heap before
{Heap before GC invocations=1 (full 0):
 PSYoungGen      total 74752K, used 64512K [0x00000000e0000000, 0x00000000e5300000, 0x0000000100000000)
  eden space 64512K, 100% used [0x00000000e0000000,0x00000000e3f00000,0x00000000e3f00000)
  from space 10240K, 0% used [0x00000000e4900000,0x00000000e4900000,0x00000000e5300000)
  to   space 10240K, 0% used [0x00000000e3f00000,0x00000000e3f00000,0x00000000e4900000)
 ParOldGen       total 171008K, used 0K [0x00000000a0000000, 0x00000000aa700000, 0x00000000e0000000)
  object space 171008K, 0% used [0x00000000a0000000,0x00000000a0000000,0x00000000aa700000)
 Metaspace       used 10640K, capacity 10940K, committed 11008K, reserved 1058816K
  class space    used 1428K, capacity 1518K, committed 1536K, reserved 1048576K
Event: 0.666 GC heap after
Heap after GC invocations=1 (full 0):
 PSYoungGen      total 74752K, used 7781K [0x00000000e0000000, 0x00000000e9200000, 0x0000000100000000)
  eden space 64512K, 0% used [0x00000000e0000000,0x00000000e0000000,0x00000000e3f00000)
  from space 10240K, 75% used [0x00000000e3f00000,0x00000000e46994b8,0x00000000e4900000)
  to   space 10240K, 0% used [0x00000000e8800000,0x00000000e8800000,0x00000000e9200000)
 ParOldGen       total 171008K, used 16K [0x00000000a0000000, 0x00000000aa700000, 0x00000000e0000000)
  object space 171008K, 0% used [0x00000000a0000000,0x00000000a0004000,0x00000000aa700000)
 Metaspace       used 10640K, capacity 10940K, committed 11008K, reserved 1058816K
  class space    used 1428K, capacity 1518K, committed 1536K, reserved 1048576K
}
Event: 1.156 GC heap before
{Heap before GC invocations=2 (full 0):
 PSYoungGen      total 74752K, used 72293K [0x00000000e0000000, 0x00000000e9200000, 0x0000000100000000)
  eden space 64512K, 100% used [0x00000000e0000000,0x00000000e3f00000,0x00000000e3f00000)
  from space 10240K, 75% used [0x00000000e3f00000,0x00000000e46994b8,0x00000000e4900000)
  to   space 10240K, 0% used [0x00000000e8800000,0x00000000e8800000,0x00000000e9200000)
 ParOldGen       total 171008K, used 16K [0x00000000a0000000, 0x00000000aa700000, 0x00000000e0000000)
  object space 171008K, 0% used [0x00000000a0000000,0x00000000a0004000,0x00000000aa700000)
 Metaspace       used 16530K, capacity 16796K, committed 17152K, reserved 1064960K
  class space    used 2393K, capacity 2504K, committed 2560K, reserved 1048576K
Event: 1.185 GC heap after
Heap after GC invocations=2 (full 0):
 PSYoungGen      total 139264K, used 10214K [0x00000000e0000000, 0x00000000e9200000, 0x0000000100000000)
  eden space 129024K, 0% used [0x00000000e0000000,0x00000000e0000000,0x00000000e7e00000)
  from space 10240K, 99% used [0x00000000e8800000,0x00000000e91f9ab0,0x00000000e9200000)
  to   space 10240K, 0% used [0x00000000e7e00000,0x00000000e7e00000,0x00000000e8800000)
 ParOldGen       total 171008K, used 102K [0x00000000a0000000, 0x00000000aa700000, 0x00000000e0000000)
  object space 171008K, 0% used [0x00000000a0000000,0x00000000a0019ad8,0x00000000aa700000)
 Metaspace       used 16530K, capacity 16796K, committed 17152K, reserved 1064960K
  class space    used 2393K, capacity 2504K, committed 2560K, reserved 1048576K
}
Event: 1.410 GC heap before
{Heap before GC invocations=3 (full 0):
 PSYoungGen      total 139264K, used 31941K [0x00000000e0000000, 0x00000000e9200000, 0x0000000100000000)
  eden space 129024K, 16% used [0x00000000e0000000,0x00000000e1537bb0,0x00000000e7e00000)
  from space 10240K, 99% used [0x00000000e8800000,0x00000000e91f9ab0,0x00000000e9200000)
  to   space 10240K, 0% used [0x00000000e7e00000,0x00000000e7e00000,0x00000000e8800000)
 ParOldGen       total 171008K, used 102K [0x00000000a0000000, 0x00000000aa700000, 0x00000000e0000000)
  object space 171008K, 0% used [0x00000000a0000000,0x00000000a0019ad8,0x00000000aa700000)
 Metaspace       used 20740K, capacity 21084K, committed 21248K, reserved 1067008K
  class space    used 2901K, capacity 3016K, committed 3072K, reserved 1048576K
Event: 1.434 GC heap after
Heap after GC invocations=3 (full 0):
 PSYoungGen      total 139264K, used 8797K [0x00000000e0000000, 0x00000000f1000000, 0x0000000100000000)
  eden space 129024K, 0% used [0x00000000e0000000,0x00000000e0000000,0x00000000e7e00000)
  from space 10240K, 85% used [0x00000000e7e00000,0x00000000e8697750,0x00000000e8800000)
  to   space 10240K, 0% used [0x00000000f0600000,0x00000000f0600000,0x00000000f1000000)
 ParOldGen       total 171008K, used 110K [0x00000000a0000000, 0x00000000aa700000, 0x00000000e0000000)
  object space 171008K, 0% used [0x00000000a0000000,0x00000000a001bad8,0x00000000aa700000)
 Metaspace       used 20740K, capacity 21084K, committed 21248K, reserved 1067008K
  class space    used 2901K, capacity 3016K, committed 3072K, reserved 1048576K
}
Event: 1.434 GC heap before
{Heap before GC invocations=4 (full 1):
 PSYoungGen      total 139264K, used 8797K [0x00000000e0000000, 0x00000000f1000000, 0x0000000100000000)
  eden space 129024K, 0% used [0x00000000e0000000,0x00000000e0000000,0x00000000e7e00000)
  from space 10240K, 85% used [0x00000000e7e00000,0x00000000e8697750,0x00000000e8800000)
  to   space 10240K, 0% used [0x00000000f0600000,0x00000000f0600000,0x00000000f1000000)
 ParOldGen       total 171008K, used 110K [0x00000000a0000000, 0x00000000aa700000, 0x00000000e0000000)
  object space 171008K, 0% used [0x00000000a0000000,0x00000000a001bad8,0x00000000aa700000)
 Metaspace       used 20740K, capacity 21084K, committed 21248K, reserved 1067008K
  class space    used 2901K, capacity 3016K, committed 3072K, reserved 1048576K
Event: 1.483 GC heap after
Heap after GC invocations=4 (full 1):
 PSYoungGen      total 139264K, used 0K [0x00000000e0000000, 0x00000000f1000000, 0x0000000100000000)
  eden space 129024K, 0% used [0x00000000e0000000,0x00000000e0000000,0x00000000e7e00000)
  from space 10240K, 0% used [0x00000000e7e00000,0x00000000e7e00000,0x00000000e8800000)
  to   space 10240K, 0% used [0x00000000f0600000,0x00000000f0600000,0x00000000f1000000)
 ParOldGen       total 98816K, used 8606K [0x00000000a0000000, 0x00000000a6080000, 0x00000000e0000000)
  object space 98816K, 8% used [0x00000000a0000000,0x00000000a08678b8,0x00000000a6080000)
 Metaspace       used 20740K, capacity 21084K, committed 21248K, reserved 1067008K
  class space    used 2901K, capacity 3016K, committed 3072K, reserved 1048576K
}

